<?xml version="1.0" encoding="UTF-8"?>
<!-- Generated by org.testng.reporters.JUnitReportReporter -->
<testsuite hostname="WIN-QHMBVR9T6RD" failures="0" tests="1" name="academy.TestValidateTitle" time="0.047" errors="0" timestamp="9 May 2022 14:24:19 GMT">
  <testcase classname="academy.TestValidateTitle" name="testTitle" time="0.047"/>
</testsuite> <!-- academy.TestValidateTitle -->
